2
0.000 1 arrives
0.0
0.000 1 serves by 1
0.313 1 done serving by 1
0.314 2 arrives
0.313141
0.314 2 serves by 1
0.417 2 done serving by 1
1.205 3 arrives
3.5560231604911166
0.0
0.0
0.0
1.205 3 serves by self-check 2
1.904 3 done serving by self-check 2
2.776 4 arrives
3.5560231604911166
1.904432
2.776 4 serves by self-check 2
2.791 4 done serving by self-check 2
3.877 5 arrives
3.5560231604911166
3.877 5 serves by 1
3.910 6 arrives
4.031134
2.790723
3.910 6 serves by self-check 2
3.922 6 done serving by self-check 2
4.031 5 done serving by 1
9.006 7 arrives
4.87893797814842
9.006 7 serves by 1
9.043 8 arrives
10.484108
3.922396
9.043 8 serves by self-check 2
9.105 9 arrives
10.484108
11.636381
9.105 9 waits at 1
9.160 10 arrives
10.484108
11.636381
9.160 10 waits at 1
9.225 11 arrives
10.484108
11.636381
9.225 11 waits at self-check 2
10.148 12 arrives
10.484108
11.636381
10.148 12 leaves
10.484 7 done serving by 1
10.484 9 serves by 1
10.781 9 done serving by 1
11.205 13 arrives
11.629922572937094
11.636381
11.205 13 waits at 1
11.630 10 serves by 1
11.636 8 done serving by self-check 2
11.636 11 serves by self-check 2
11.682 10 done serving by 1
11.682 13 serves by 1
12.050 13 done serving by 1
12.429 14 arrives
12.050321572937094
12.429 14 serves by 1
12.589 14 done serving by 1
13.109 15 arrives
16.45258522687028
15.125976
13.109 15 waits at 1
15.126 11 done serving by self-check 2
15.264 16 arrives
16.45258522687028
15.125976
15.264 16 serves by self-check 2
15.524 17 arrives
16.45258522687028
18.132776
15.524 17 waits at 1
15.940 18 arrives
16.45258522687028
18.132776
15.940 18 waits at self-check 2
16.453 15 serves by 1
17.348 15 done serving by 1
17.348 17 serves by 1
17.793 19 arrives
18.39139522687028
18.132776
17.793 19 waits at 1
18.133 16 done serving by self-check 2
18.133 18 serves by self-check 2
18.139 18 done serving by self-check 2
18.391 17 done serving by 1
18.391 19 serves by 1
18.765 20 arrives
18.96774622687028
18.139109
18.765 20 serves by self-check 2
18.968 19 done serving by 1
19.508 20 done serving by self-check 2
[0.773 19 1]
