--------new iter--------
8.000 1 arrives
event 1
1
customer 1 serviceTime:19.000000
--------new iter--------
8.000 1 serves by 1
--------new iter--------
9.000 2 arrives
event 1
2
customer 2 serviceTime:18.000000
--------new iter--------
9.000 2 serves by 2
--------new iter--------
10.000 3 arrives
event 2
10.000 3 waits at 1
--------new iter--------
14.000 4 arrives
event 2
14.000 4 waits at 1
--------new iter--------
22.000 5 arrives
event 2
22.000 5 waits at 1
--------new iter--------
24.000 6 arrives
event 2
24.000 6 waits at 2
--------new iter--------
27.000 1 done serving by 1
--------new iter--------
Called for customer 3
3
customer 3 serviceTime:17.000000
--------new iter--------
27.000 2 done serving by 2
--------new iter--------
Called for customer 6
6
customer 6 serviceTime:6.000000
--------new iter--------
27.000 3 serves by 1
--------new iter--------
Called for customer 4
4
customer 4 serviceTime:8.000000
--------new iter--------
27.000 6 serves by 2
--------new iter--------
30.000 7 arrives
event 2
30.000 7 waits at 1
--------new iter--------
33.000 6 done serving by 2
--------new iter--------
34.000 8 arrives
event 1
8
customer 8 serviceTime:13.000000
--------new iter--------
34.000 8 serves by 2
--------new iter--------
44.000 3 done serving by 1
--------new iter--------
Called for customer 5
5
customer 5 serviceTime:19.000000
--------new iter--------
44.000 4 serves by 1
--------new iter--------
Called for customer 7
7
customer 7 serviceTime:3.000000
--------new iter--------
44.000 5 serves by 1
--------new iter--------
44.000 9 arrives
event 2
44.000 9 waits at 1
--------new iter--------
Called for customer 9
9
customer 9 serviceTime:0.000000
--------new iter--------
47.000 8 done serving by 2
--------new iter--------
52.000 4 done serving by 1
--------new iter--------
52.000 7 serves by 1
--------new iter--------
52.000 10 arrives
event 1
10
customer 10 serviceTime:10.000000
--------new iter--------
52.000 10 serves by 2
--------new iter--------
55.000 7 done serving by 1
--------new iter--------
59.000 11 arrives
event 2
59.000 11 waits at 1
--------new iter--------
Called for customer 11
11
customer 11 serviceTime:12.000000
--------new iter--------
60.000 12 arrives
event 2
60.000 12 waits at 1
--------new iter--------
62.000 10 done serving by 2
--------new iter--------
63.000 5 done serving by 1
--------new iter--------
Called for customer 12
12
customer 12 serviceTime:18.000000
--------new iter--------
63.000 13 arrives
event 1
13
customer 13 serviceTime:15.000000
--------new iter--------
63.000 13 serves by 2
--------new iter--------
66.000 14 arrives
event 2
66.000 14 waits at 2
--------new iter--------
68.000 15 arrives
event 2
68.000 15 waits at 2
--------new iter--------
71.000 9 serves by 1
--------new iter--------
71.000 9 done serving by 1
--------new iter--------
74.000 11 serves by 1
--------new iter--------
74.000 12 serves by 1
--------new iter--------
78.000 13 done serving by 2
--------new iter--------
Called for customer 14
14
customer 14 serviceTime:9.000000
--------new iter--------
78.000 14 serves by 2
--------new iter--------
Called for customer 15
15
customer 15 serviceTime:4.000000
--------new iter--------
78.000 16 arrives
event 2
78.000 16 waits at 1
--------new iter--------
Called for customer 16
16
customer 16 serviceTime:9.000000
--------new iter--------
79.000 17 arrives
event 2
79.000 17 waits at 1
--------new iter--------
86.000 11 done serving by 1
--------new iter--------
Called for customer 17
17
customer 17 serviceTime:8.000000
--------new iter--------
87.000 14 done serving by 2
--------new iter--------
87.000 15 serves by 2
--------new iter--------
87.000 18 arrives
event 2
87.000 18 waits at 1
--------new iter--------
91.000 15 done serving by 2
--------new iter--------
92.000 12 done serving by 1
--------new iter--------
Called for customer 18
18
customer 18 serviceTime:1.000000
--------new iter--------
93.000 19 arrives
event 1
19
customer 19 serviceTime:15.000000
--------new iter--------
93.000 19 serves by 2
--------new iter--------
100.000 20 arrives
event 2
100.000 20 waits at 2
--------new iter--------
103.000 21 arrives
event 2
103.000 21 waits at 2
--------new iter--------
104.000 16 serves by 1
--------new iter--------
104.000 17 serves by 1
--------new iter--------
104.000 18 serves by 1
--------new iter--------
105.000 18 done serving by 1
--------new iter--------
108.000 19 done serving by 2
--------new iter--------
Called for customer 20
20
customer 20 serviceTime:13.000000
--------new iter--------
108.000 20 serves by 2
--------new iter--------
Called for customer 21
21
customer 21 serviceTime:8.000000
--------new iter--------
112.000 17 done serving by 1
--------new iter--------
112.000 22 arrives
event 2
112.000 22 waits at 1
--------new iter--------
Called for customer 22
22
customer 22 serviceTime:9.000000
--------new iter--------
113.000 16 done serving by 1
--------new iter--------
114.000 23 arrives
event 2
114.000 23 waits at 1
--------new iter--------
Called for customer 23
23
customer 23 serviceTime:15.000000
--------new iter--------
121.000 20 done serving by 2
--------new iter--------
121.000 21 serves by 2
--------new iter--------
122.000 22 serves by 1
--------new iter--------
122.000 23 serves by 1
--------new iter--------
123.000 24 arrives
event 2
123.000 24 waits at 1
--------new iter--------
Called for customer 24
24
customer 24 serviceTime:3.000000
--------new iter--------
129.000 21 done serving by 2
--------new iter--------
131.000 22 done serving by 1
--------new iter--------
131.000 25 arrives
event 1
25
customer 25 serviceTime:13.000000
--------new iter--------
131.000 25 serves by 2
--------new iter--------
137.000 23 done serving by 1
--------new iter--------
141.000 26 arrives
event 2
141.000 26 waits at 1
--------new iter--------
Called for customer 26
26
customer 26 serviceTime:13.000000
--------new iter--------
144.000 25 done serving by 2
--------new iter--------
146.000 24 serves by 1
--------new iter--------
146.000 26 serves by 1
--------new iter--------
146.000 27 arrives
event 1
27
customer 27 serviceTime:19.000000
--------new iter--------
146.000 27 serves by 2
--------new iter--------
149.000 24 done serving by 1
--------new iter--------
153.000 28 arrives
event 2
153.000 28 waits at 1
--------new iter--------
Called for customer 28
28
customer 28 serviceTime:10.000000
--------new iter--------
155.000 29 arrives
event 2
155.000 29 waits at 1
--------new iter--------
159.000 26 done serving by 1
--------new iter--------
Called for customer 29
29
customer 29 serviceTime:15.000000
--------new iter--------
161.000 30 arrives
event 2
161.000 30 waits at 1
--------new iter--------
162.000 28 serves by 1
--------new iter--------
Called for customer 30
30
customer 30 serviceTime:3.000000
--------new iter--------
162.000 29 serves by 1
--------new iter--------
165.000 27 done serving by 2
--------new iter--------
167.000 31 arrives
event 1
31
customer 31 serviceTime:19.000000
--------new iter--------
167.000 31 serves by 2
--------new iter--------
172.000 28 done serving by 1
--------new iter--------
172.000 30 serves by 1
--------new iter--------
173.000 32 arrives
event 2
173.000 32 waits at 1
--------new iter--------
Called for customer 32
32
customer 32 serviceTime:2.000000
--------new iter--------
175.000 30 done serving by 1
--------new iter--------
177.000 29 done serving by 1
--------new iter--------
182.000 33 arrives
event 2
182.000 33 waits at 1
--------new iter--------
Called for customer 33
33
customer 33 serviceTime:11.000000
--------new iter--------
186.000 31 done serving by 2
--------new iter--------
189.000 34 arrives
event 1
34
customer 34 serviceTime:13.000000
--------new iter--------
189.000 34 serves by 2
--------new iter--------
190.000 32 serves by 1
--------new iter--------
190.000 33 serves by 1
--------new iter--------
192.000 32 done serving by 1
--------new iter--------
193.000 35 arrives
event 2
193.000 35 waits at 1
--------new iter--------
Called for customer 35
35
customer 35 serviceTime:6.000000
--------new iter--------
201.000 33 done serving by 1
--------new iter--------
201.000 36 arrives
event 2
201.000 36 waits at 1
--------new iter--------
Called for customer 36
36
customer 36 serviceTime:12.000000
--------new iter--------
202.000 34 done serving by 2
--------new iter--------
203.000 35 serves by 1
--------new iter--------
203.000 36 serves by 1
--------new iter--------
209.000 35 done serving by 1
--------new iter--------
211.000 37 arrives
event 1
37
customer 37 serviceTime:18.000000
--------new iter--------
211.000 37 serves by 2
--------new iter--------
215.000 36 done serving by 1
--------new iter--------
217.000 38 arrives
event 2
217.000 38 waits at 1
--------new iter--------
Called for customer 38
38
customer 38 serviceTime:16.000000
--------new iter--------
219.000 39 arrives
event 2
219.000 39 waits at 1
--------new iter--------
220.000 40 arrives
event 2
220.000 40 waits at 1
--------new iter--------
221.000 38 serves by 1
--------new iter--------
Called for customer 39
39
customer 39 serviceTime:13.000000
--------new iter--------
222.000 41 arrives
event 2
222.000 41 waits at 1
--------new iter--------
228.000 42 arrives
event 2
228.000 42 waits at 2
--------new iter--------
229.000 37 done serving by 2
--------new iter--------
Called for customer 42
42
customer 42 serviceTime:9.000000
--------new iter--------
229.000 42 serves by 2
--------new iter--------
231.000 43 arrives
event 2
231.000 43 waits at 2
--------new iter--------
Called for customer 43
43
customer 43 serviceTime:3.000000
--------new iter--------
237.000 38 done serving by 1
--------new iter--------
Called for customer 40
40
customer 40 serviceTime:5.000000
--------new iter--------
237.000 39 serves by 1
--------new iter--------
Called for customer 41
41
customer 41 serviceTime:5.000000
--------new iter--------
237.000 40 serves by 1
--------new iter--------
238.000 42 done serving by 2
--------new iter--------
238.000 43 serves by 2
--------new iter--------
240.000 44 arrives
event 2
240.000 44 waits at 1
--------new iter--------
Called for customer 44
44
customer 44 serviceTime:9.000000
--------new iter--------
241.000 43 done serving by 2
--------new iter--------
242.000 40 done serving by 1
--------new iter--------
247.000 45 arrives
event 1
45
customer 45 serviceTime:18.000000
--------new iter--------
247.000 45 serves by 2
--------new iter--------
250.000 39 done serving by 1
--------new iter--------
250.000 41 serves by 1
--------new iter--------
251.000 46 arrives
event 2
251.000 46 waits at 1
--------new iter--------
Called for customer 46
46
customer 46 serviceTime:5.000000
--------new iter--------
255.000 41 done serving by 1
--------new iter--------
255.000 44 serves by 1
--------new iter--------
256.000 47 arrives
event 2
256.000 47 waits at 1
--------new iter--------
Called for customer 47
47
customer 47 serviceTime:0.000000
--------new iter--------
260.000 46 serves by 1
--------new iter--------
264.000 44 done serving by 1
--------new iter--------
265.000 45 done serving by 2
--------new iter--------
265.000 46 done serving by 1
--------new iter--------
266.000 48 arrives
event 1
48
customer 48 serviceTime:16.000000
--------new iter--------
266.000 48 serves by 2
--------new iter--------
267.000 49 arrives
event 2
267.000 49 waits at 1
--------new iter--------
Called for customer 49
49
customer 49 serviceTime:2.000000
--------new iter--------
269.000 47 serves by 1
--------new iter--------
269.000 47 done serving by 1
--------new iter--------
273.000 50 arrives
event 2
273.000 50 waits at 1
--------new iter--------
Called for customer 50
50
customer 50 serviceTime:13.000000
--------new iter--------
274.000 49 serves by 1
--------new iter--------
274.000 50 serves by 1
--------new iter--------
276.000 49 done serving by 1
--------new iter--------
280.000 51 arrives
event 2
280.000 51 waits at 1
--------new iter--------
Called for customer 51
51
customer 51 serviceTime:3.000000
--------new iter--------
282.000 48 done serving by 2
--------new iter--------
287.000 50 done serving by 1
--------new iter--------
289.000 51 serves by 1
--------new iter--------
290.000 52 arrives
event 1
52
customer 52 serviceTime:15.000000
--------new iter--------
290.000 52 serves by 2
--------new iter--------
292.000 51 done serving by 1
--------new iter--------
293.000 53 arrives
event 1
53
customer 53 serviceTime:7.000000
--------new iter--------
293.000 53 serves by 1
--------new iter--------
300.000 53 done serving by 1
--------new iter--------
302.000 54 arrives
event 1
54
customer 54 serviceTime:2.000000
--------new iter--------
302.000 54 serves by 1
--------new iter--------
304.000 54 done serving by 1
--------new iter--------
305.000 52 done serving by 2
--------new iter--------
310.000 55 arrives
event 1
55
customer 55 serviceTime:8.000000
--------new iter--------
310.000 55 serves by 1
--------new iter--------
317.000 56 arrives
event 1
56
customer 56 serviceTime:15.000000
--------new iter--------
317.000 56 serves by 2
--------new iter--------
318.000 55 done serving by 1
--------new iter--------
323.000 57 arrives
event 1
57
customer 57 serviceTime:12.000000
--------new iter--------
323.000 57 serves by 1
--------new iter--------
328.000 58 arrives
event 2
328.000 58 waits at 1
--------new iter--------
332.000 56 done serving by 2
--------new iter--------
334.000 59 arrives
event 1
59
customer 59 serviceTime:1.000000
--------new iter--------
334.000 59 serves by 2
--------new iter--------
335.000 57 done serving by 1
--------new iter--------
Called for customer 58
58
customer 58 serviceTime:1.000000
--------new iter--------
335.000 58 serves by 1
--------new iter--------
335.000 59 done serving by 2
--------new iter--------
336.000 58 done serving by 1
--------new iter--------
339.000 60 arrives
event 1
60
customer 60 serviceTime:1.000000
--------new iter--------
339.000 60 serves by 1
--------new iter--------
340.000 60 done serving by 1
--------new iter--------
345.000 61 arrives
event 1
61
customer 61 serviceTime:17.000000
--------new iter--------
345.000 61 serves by 1
--------new iter--------
352.000 62 arrives
event 1
62
customer 62 serviceTime:8.000000
--------new iter--------
352.000 62 serves by 2
--------new iter--------
357.000 63 arrives
event 2
357.000 63 waits at 1
--------new iter--------
358.000 64 arrives
event 2
358.000 64 waits at 1
--------new iter--------
360.000 62 done serving by 2
--------new iter--------
362.000 61 done serving by 1
--------new iter--------
Called for customer 63
63
customer 63 serviceTime:6.000000
--------new iter--------
362.000 63 serves by 1
--------new iter--------
Called for customer 64
64
customer 64 serviceTime:3.000000
--------new iter--------
367.000 65 arrives
event 1
65
customer 65 serviceTime:18.000000
--------new iter--------
367.000 65 serves by 2
--------new iter--------
368.000 63 done serving by 1
--------new iter--------
368.000 64 serves by 1
--------new iter--------
371.000 64 done serving by 1
--------new iter--------
376.000 66 arrives
event 1
66
customer 66 serviceTime:10.000000
--------new iter--------
376.000 66 serves by 1
--------new iter--------
384.000 67 arrives
event 2
384.000 67 waits at 1
--------new iter--------
385.000 65 done serving by 2
--------new iter--------
385.000 68 arrives
event 1
68
customer 68 serviceTime:1.000000
--------new iter--------
385.000 68 serves by 2
--------new iter--------
386.000 66 done serving by 1
--------new iter--------
Called for customer 67
67
customer 67 serviceTime:8.000000
--------new iter--------
386.000 67 serves by 1
--------new iter--------
386.000 68 done serving by 2
--------new iter--------
392.000 69 arrives
event 1
69
customer 69 serviceTime:7.000000
--------new iter--------
392.000 69 serves by 2
--------new iter--------
394.000 67 done serving by 1
--------new iter--------
394.000 70 arrives
event 1
70
customer 70 serviceTime:1.000000
--------new iter--------
394.000 70 serves by 1
--------new iter--------
395.000 70 done serving by 1
--------new iter--------
399.000 69 done serving by 2
--------new iter--------
402.000 71 arrives
event 1
71
customer 71 serviceTime:9.000000
--------new iter--------
402.000 71 serves by 1
--------new iter--------
410.000 72 arrives
event 1
72
customer 72 serviceTime:16.000000
--------new iter--------
410.000 72 serves by 2
--------new iter--------
411.000 71 done serving by 1
--------new iter--------
416.000 73 arrives
event 1
73
customer 73 serviceTime:12.000000
--------new iter--------
416.000 73 serves by 1
--------new iter--------
421.000 74 arrives
event 2
421.000 74 waits at 1
--------new iter--------
426.000 72 done serving by 2
--------new iter--------
428.000 73 done serving by 1
--------new iter--------
Called for customer 74
74
customer 74 serviceTime:15.000000
--------new iter--------
428.000 74 serves by 1
--------new iter--------
431.000 75 arrives
event 1
75
customer 75 serviceTime:3.000000
--------new iter--------
431.000 75 serves by 2
--------new iter--------
434.000 75 done serving by 2
--------new iter--------
439.000 76 arrives
event 1
76
customer 76 serviceTime:13.000000
--------new iter--------
439.000 76 serves by 2
--------new iter--------
440.000 77 arrives
event 2
440.000 77 waits at 1
--------new iter--------
Called for customer 77
77
customer 77 serviceTime:3.000000
--------new iter--------
441.000 78 arrives
event 2
441.000 78 waits at 1
--------new iter--------
443.000 74 done serving by 1
--------new iter--------
Called for customer 78
78
customer 78 serviceTime:14.000000
--------new iter--------
443.000 77 serves by 1
--------new iter--------
443.000 78 serves by 1
--------new iter--------
444.000 79 arrives
event 2
444.000 79 waits at 1
--------new iter--------
Called for customer 79
79
customer 79 serviceTime:0.000000
--------new iter--------
446.000 77 done serving by 1
--------new iter--------
447.000 80 arrives
event 2
447.000 80 waits at 1
--------new iter--------
Called for customer 80
80
customer 80 serviceTime:11.000000
--------new iter--------
452.000 76 done serving by 2
--------new iter--------
453.000 81 arrives
event 1
81
customer 81 serviceTime:7.000000
--------new iter--------
453.000 81 serves by 2
--------new iter--------
457.000 78 done serving by 1
--------new iter--------
458.000 82 arrives
event 2
458.000 82 waits at 1
--------new iter--------
Called for customer 82
82
customer 82 serviceTime:2.000000
--------new iter--------
460.000 79 serves by 1
--------new iter--------
460.000 79 done serving by 1
--------new iter--------
460.000 80 serves by 1
--------new iter--------
460.000 81 done serving by 2
--------new iter--------
460.000 82 serves by 1
--------new iter--------
462.000 82 done serving by 1
--------new iter--------
467.000 83 arrives
event 1
83
customer 83 serviceTime:8.000000
--------new iter--------
467.000 83 serves by 2
--------new iter--------
471.000 80 done serving by 1
--------new iter--------
475.000 83 done serving by 2
--------new iter--------
475.000 84 arrives
event 1
84
customer 84 serviceTime:8.000000
--------new iter--------
475.000 84 serves by 1
--------new iter--------
478.000 85 arrives
event 1
85
customer 85 serviceTime:2.000000
--------new iter--------
478.000 85 serves by 2
--------new iter--------
480.000 85 done serving by 2
--------new iter--------
482.000 86 arrives
event 1
86
customer 86 serviceTime:18.000000
--------new iter--------
482.000 86 serves by 2
--------new iter--------
483.000 84 done serving by 1
--------new iter--------
485.000 87 arrives
event 1
87
customer 87 serviceTime:15.000000
--------new iter--------
485.000 87 serves by 1
--------new iter--------
494.000 88 arrives
event 2
494.000 88 waits at 1
--------new iter--------
495.000 89 arrives
event 2
495.000 89 waits at 1
--------new iter--------
498.000 90 arrives
event 2
498.000 90 waits at 1
--------new iter--------
500.000 86 done serving by 2
--------new iter--------
500.000 87 done serving by 1
--------new iter--------
Called for customer 88
88
customer 88 serviceTime:13.000000
--------new iter--------
500.000 88 serves by 1
--------new iter--------
Called for customer 89
89
customer 89 serviceTime:11.000000
--------new iter--------
504.000 91 arrives
event 1
91
customer 91 serviceTime:6.000000
--------new iter--------
504.000 91 serves by 2
--------new iter--------
506.000 92 arrives
event 2
506.000 92 waits at 1
--------new iter--------
507.000 93 arrives
event 2
507.000 93 waits at 2
--------new iter--------
510.000 91 done serving by 2
--------new iter--------
Called for customer 93
93
customer 93 serviceTime:0.000000
--------new iter--------
510.000 93 serves by 2
--------new iter--------
510.000 93 done serving by 2
--------new iter--------
513.000 88 done serving by 1
--------new iter--------
Called for customer 90
90
customer 90 serviceTime:17.000000
--------new iter--------
513.000 89 serves by 1
--------new iter--------
Called for customer 92
92
customer 92 serviceTime:1.000000
--------new iter--------
513.000 90 serves by 1
--------new iter--------
513.000 94 arrives
event 1
94
customer 94 serviceTime:18.000000
--------new iter--------
513.000 94 serves by 2
--------new iter--------
515.000 95 arrives
event 2
515.000 95 waits at 1
--------new iter--------
Called for customer 95
95
customer 95 serviceTime:8.000000
--------new iter--------
517.000 96 arrives
event 2
517.000 96 waits at 1
--------new iter--------
518.000 97 arrives
event 2
518.000 97 waits at 2
--------new iter--------
524.000 89 done serving by 1
--------new iter--------
Called for customer 96
96
customer 96 serviceTime:1.000000
--------new iter--------
524.000 92 serves by 1
--------new iter--------
525.000 92 done serving by 1
--------new iter--------
527.000 98 arrives
event 2
527.000 98 waits at 1
--------new iter--------
Called for customer 98
98
customer 98 serviceTime:5.000000
--------new iter--------
530.000 90 done serving by 1
--------new iter--------
531.000 94 done serving by 2
--------new iter--------
Called for customer 97
97
customer 97 serviceTime:17.000000
--------new iter--------
531.000 97 serves by 2
--------new iter--------
531.000 99 arrives
event 2
531.000 99 waits at 2
--------new iter--------
Called for customer 99
99
customer 99 serviceTime:2.000000
--------new iter--------
541.000 95 serves by 1
--------new iter--------
541.000 96 serves by 1
--------new iter--------
542.000 96 done serving by 1
--------new iter--------
542.000 98 serves by 1
--------new iter--------
547.000 98 done serving by 1
--------new iter--------
548.000 97 done serving by 2
--------new iter--------
548.000 99 serves by 2
--------new iter--------
549.000 95 done serving by 1
--------new iter--------
550.000 99 done serving by 2
[5.798 99 0]
