customer 1 serviceTime:19.000000
8.000 1 arrives
8.000 1 serves by 1
customer 2 serviceTime:18.000000
9.000 2 arrives
9.000 2 serves by 2
10.000 3 arrives
10.000 3 waits at 1
14.000 4 arrives
14.000 4 waits at 1
22.000 5 arrives
22.000 5 waits at 1
customer 6 serviceTime:13.000000
24.000 6 arrives
24.000 6 serves by 1
27.000 1 done serving by 1
27.000 2 done serving by 2
customer 7 serviceTime:19.000000
30.000 7 arrives
30.000 7 serves by 2
31.000 4 serves by 1
30.000 4 done serving by 1
32.000 5 serves by 1
31.000 5 done serving by 1
34.000 8 arrives
34.000 8 waits at 1
37.000 6 done serving by 1
39.000 8 serves by 1
38.000 8 done serving by 1
43.000 3 serves by 1
42.000 3 done serving by 1
customer 9 serviceTime:0.000000
44.000 9 arrives
44.000 9 serves by 1
44.000 9 done serving by 1
49.000 7 done serving by 2
customer 10 serviceTime:10.000000
52.000 10 arrives
52.000 10 serves by 1
customer 11 serviceTime:12.000000
59.000 11 arrives
59.000 11 serves by 2
60.000 12 arrives
60.000 12 waits at 1
62.000 10 done serving by 1
customer 13 serviceTime:15.000000
63.000 13 arrives
63.000 13 serves by 1
66.000 14 arrives
66.000 14 waits at 1
68.000 15 arrives
68.000 15 waits at 1
71.000 11 done serving by 2
78.000 13 done serving by 1
customer 16 serviceTime:9.000000
78.000 16 arrives
78.000 16 serves by 1
79.000 12 serves by 1
78.000 12 done serving by 1
customer 17 serviceTime:8.000000
79.000 17 arrives
79.000 17 serves by 2
80.000 15 serves by 1
79.000 15 done serving by 1
86.000 14 serves by 1
85.000 14 done serving by 1
87.000 16 done serving by 1
87.000 17 done serving by 2
customer 18 serviceTime:1.000000
87.000 18 arrives
87.000 18 serves by 1
88.000 18 done serving by 1
customer 19 serviceTime:15.000000
93.000 19 arrives
93.000 19 serves by 1
customer 20 serviceTime:13.000000
100.000 20 arrives
100.000 20 serves by 2
103.000 21 arrives
103.000 21 waits at 1
108.000 19 done serving by 1
customer 22 serviceTime:9.000000
112.000 22 arrives
112.000 22 serves by 1
113.000 20 done serving by 2
customer 23 serviceTime:15.000000
114.000 23 arrives
114.000 23 serves by 2
115.000 21 serves by 1
114.000 21 done serving by 1
121.000 22 done serving by 1
customer 24 serviceTime:3.000000
123.000 24 arrives
123.000 24 serves by 1
126.000 24 done serving by 1
129.000 23 done serving by 2
customer 25 serviceTime:13.000000
131.000 25 arrives
131.000 25 serves by 1
customer 26 serviceTime:13.000000
141.000 26 arrives
141.000 26 serves by 2
144.000 25 done serving by 1
customer 27 serviceTime:19.000000
146.000 27 arrives
146.000 27 serves by 1
153.000 28 arrives
153.000 28 waits at 1
154.000 26 done serving by 2
customer 29 serviceTime:15.000000
155.000 29 arrives
155.000 29 serves by 2
161.000 30 arrives
161.000 30 waits at 1
165.000 27 done serving by 1
166.000 30 serves by 1
165.000 30 done serving by 1
customer 31 serviceTime:19.000000
167.000 31 arrives
167.000 31 serves by 1
170.000 29 done serving by 2
customer 32 serviceTime:2.000000
173.000 32 arrives
173.000 32 serves by 2
174.000 28 serves by 1
173.000 28 done serving by 1
175.000 32 done serving by 2
customer 33 serviceTime:11.000000
182.000 33 arrives
182.000 33 serves by 2
186.000 31 done serving by 1
customer 34 serviceTime:13.000000
189.000 34 arrives
189.000 34 serves by 1
193.000 33 done serving by 2
customer 35 serviceTime:6.000000
193.000 35 arrives
193.000 35 serves by 2
199.000 35 done serving by 2
customer 36 serviceTime:12.000000
201.000 36 arrives
201.000 36 serves by 2
202.000 34 done serving by 1
customer 37 serviceTime:18.000000
211.000 37 arrives
211.000 37 serves by 1
213.000 36 done serving by 2
customer 38 serviceTime:16.000000
217.000 38 arrives
217.000 38 serves by 2
219.000 39 arrives
219.000 39 waits at 1
220.000 40 arrives
220.000 40 waits at 1
222.000 41 arrives
222.000 41 waits at 1
customer 42 serviceTime:5.000000
228.000 42 arrives
228.000 42 serves by 1
229.000 37 done serving by 1
229.000 41 serves by 1
228.000 41 done serving by 1
231.000 43 arrives
231.000 43 waits at 1
233.000 38 done serving by 2
233.000 42 done serving by 1
236.000 40 serves by 1
235.000 40 done serving by 1
237.000 43 serves by 1
236.000 43 done serving by 1
customer 44 serviceTime:9.000000
240.000 44 arrives
240.000 44 serves by 1
241.000 39 serves by 1
240.000 39 done serving by 1
customer 45 serviceTime:18.000000
247.000 45 arrives
247.000 45 serves by 2
249.000 44 done serving by 1
customer 46 serviceTime:5.000000
251.000 46 arrives
251.000 46 serves by 1
256.000 46 done serving by 1
customer 47 serviceTime:0.000000
256.000 47 arrives
256.000 47 serves by 1
256.000 47 done serving by 1
265.000 45 done serving by 2
customer 48 serviceTime:16.000000
266.000 48 arrives
266.000 48 serves by 1
customer 49 serviceTime:2.000000
267.000 49 arrives
267.000 49 serves by 2
269.000 49 done serving by 2
customer 50 serviceTime:13.000000
273.000 50 arrives
273.000 50 serves by 2
280.000 51 arrives
280.000 51 waits at 1
282.000 48 done serving by 1
284.000 51 serves by 1
283.000 51 done serving by 1
286.000 50 done serving by 2
customer 52 serviceTime:15.000000
290.000 52 arrives
290.000 52 serves by 1
customer 53 serviceTime:7.000000
293.000 53 arrives
293.000 53 serves by 2
300.000 53 done serving by 2
customer 54 serviceTime:2.000000
302.000 54 arrives
302.000 54 serves by 2
304.000 54 done serving by 2
305.000 52 done serving by 1
customer 55 serviceTime:8.000000
310.000 55 arrives
310.000 55 serves by 1
customer 56 serviceTime:15.000000
317.000 56 arrives
317.000 56 serves by 2
318.000 55 done serving by 1
customer 57 serviceTime:12.000000
323.000 57 arrives
323.000 57 serves by 1
328.000 58 arrives
328.000 58 waits at 1
332.000 56 done serving by 2
customer 59 serviceTime:1.000000
334.000 59 arrives
334.000 59 serves by 1
335.000 57 done serving by 1
335.000 58 serves by 1
334.000 58 done serving by 1
335.000 59 done serving by 1
customer 60 serviceTime:1.000000
339.000 60 arrives
339.000 60 serves by 1
340.000 60 done serving by 1
customer 61 serviceTime:17.000000
345.000 61 arrives
345.000 61 serves by 1
customer 62 serviceTime:8.000000
352.000 62 arrives
352.000 62 serves by 2
357.000 63 arrives
357.000 63 waits at 1
358.000 64 arrives
358.000 64 waits at 1
360.000 62 done serving by 2
362.000 61 done serving by 1
363.000 64 serves by 1
362.000 64 done serving by 1
367.000 63 serves by 1
366.000 63 done serving by 1
customer 65 serviceTime:18.000000
367.000 65 arrives
367.000 65 serves by 1
customer 66 serviceTime:10.000000
376.000 66 arrives
376.000 66 serves by 2
384.000 67 arrives
384.000 67 waits at 1
385.000 65 done serving by 1
385.000 67 serves by 1
384.000 67 done serving by 1
customer 68 serviceTime:8.000000
385.000 68 arrives
385.000 68 serves by 1
386.000 66 done serving by 2
customer 69 serviceTime:7.000000
392.000 69 arrives
392.000 69 serves by 2
393.000 68 done serving by 1
customer 70 serviceTime:1.000000
394.000 70 arrives
394.000 70 serves by 1
395.000 70 done serving by 1
399.000 69 done serving by 2
customer 71 serviceTime:9.000000
402.000 71 arrives
402.000 71 serves by 1
customer 72 serviceTime:16.000000
410.000 72 arrives
410.000 72 serves by 2
411.000 71 done serving by 1
customer 73 serviceTime:12.000000
416.000 73 arrives
416.000 73 serves by 1
421.000 74 arrives
421.000 74 waits at 1
426.000 72 done serving by 2
428.000 73 done serving by 1
customer 75 serviceTime:3.000000
431.000 75 arrives
431.000 75 serves by 1
434.000 75 done serving by 1
customer 76 serviceTime:13.000000
439.000 76 arrives
439.000 76 serves by 1
customer 77 serviceTime:3.000000
440.000 77 arrives
440.000 77 serves by 2
441.000 78 arrives
441.000 78 waits at 1
442.000 74 serves by 1
441.000 74 done serving by 1
443.000 77 done serving by 2
customer 79 serviceTime:0.000000
444.000 79 arrives
444.000 79 serves by 2
444.000 79 done serving by 2
customer 80 serviceTime:11.000000
447.000 80 arrives
447.000 80 serves by 2
452.000 76 done serving by 1
customer 81 serviceTime:7.000000
453.000 81 arrives
453.000 81 serves by 1
458.000 80 done serving by 2
customer 82 serviceTime:2.000000
458.000 82 arrives
458.000 82 serves by 2
460.000 81 done serving by 1
460.000 82 done serving by 2
465.000 78 serves by 1
464.000 78 done serving by 1
customer 83 serviceTime:8.000000
467.000 83 arrives
467.000 83 serves by 1
475.000 83 done serving by 1
customer 84 serviceTime:8.000000
475.000 84 arrives
475.000 84 serves by 1
customer 85 serviceTime:2.000000
478.000 85 arrives
478.000 85 serves by 2
480.000 85 done serving by 2
customer 86 serviceTime:18.000000
482.000 86 arrives
482.000 86 serves by 2
483.000 84 done serving by 1
customer 87 serviceTime:15.000000
485.000 87 arrives
485.000 87 serves by 1
494.000 88 arrives
494.000 88 waits at 1
495.000 89 arrives
495.000 89 waits at 1
customer 90 serviceTime:6.000000
498.000 90 arrives
498.000 90 serves by 1
500.000 86 done serving by 2
500.000 87 done serving by 1
504.000 90 done serving by 1
customer 91 serviceTime:0.000000
504.000 91 arrives
504.000 91 serves by 1
504.000 91 done serving by 1
customer 92 serviceTime:17.000000
506.000 92 arrives
506.000 92 serves by 1
customer 93 serviceTime:1.000000
507.000 93 arrives
507.000 93 serves by 2
508.000 93 done serving by 2
509.000 89 serves by 1
508.000 89 done serving by 1
512.000 88 serves by 1
511.000 88 done serving by 1
customer 94 serviceTime:18.000000
513.000 94 arrives
513.000 94 serves by 2
515.000 95 arrives
515.000 95 waits at 1
517.000 96 arrives
517.000 96 waits at 1
518.000 97 arrives
518.000 97 waits at 1
522.000 96 serves by 1
521.000 96 done serving by 1
523.000 92 done serving by 1
525.000 97 serves by 1
524.000 97 done serving by 1
customer 98 serviceTime:17.000000
527.000 98 arrives
527.000 98 serves by 1
530.000 95 serves by 1
529.000 95 done serving by 1
531.000 94 done serving by 2
customer 99 serviceTime:2.000000
531.000 99 arrives
531.000 99 serves by 2
533.000 99 done serving by 2
544.000 98 done serving by 1
[1.667 99 0]
