0.000 1 arrives
0.000 1 serves by 1
1.000 2 arrives
1.000 2 serves by 2
1.100 1 done serving by 1
1.200 2 done serving by 2
1.205 3 arrives
1.205 3 waits at 1
2.776 4 arrives
2.776 4 serves by 2
3.476 4 done serving by 2
3.887 5 arrives
3.887 5 waits at 1
3.910 6 arrives
3.910 6 waits at 2
4.239 3 serves by 1
4.253 3 done serving by 1
4.325 6 serves by 2
4.479 6 done serving by 2
8.116 5 serves by 1
8.129 5 done serving by 1
9.006 7 arrives
9.006 7 waits at 1
9.043 8 arrives
9.043 8 waits at 1
9.105 9 arrives
9.105 9 waits at 2
9.160 10 arrives
9.160 10 waits at 2
29.940 9 serves by 2
31.418 9 done serving by 2
31.418 10 serves by 2
34.011 10 done serving by 2
45.093 7 serves by 1
