9.000 1 arrives
9.000 1 serves by 1
10.000 2 arrives
10.000 2 serves by 2
14.000 3 arrives
14.000 3 waits at 1
19.000 99 arrives
19.000 99 waits at 1
22.000 4 arrives
22.000 4 waits at 1
24.000 5 arrives
24.000 5 waits at 2
27.000 1 done serving by 1
27.000 2 done serving by 2
27.000 3 serves by 1
27.000 5 serves by 2
30.000 6 arrives
30.000 6 waits at 1
33.000 3 done serving by 1
33.000 4 serves by 1
34.000 7 arrives
34.000 7 waits at 1
35.000 5 done serving by 2
44.000 8 arrives
44.000 8 serves by 2
46.000 4 done serving by 1
46.000 6 serves by 1
49.000 6 done serving by 1
49.000 7 serves by 1
49.000 7 done serving by 1
49.000 99 serves by 1
52.000 9 arrives
52.000 9 waits at 1
