0.000 1 arrives
0.000 1 serves by 1
0.313 1 done serving by 1
0.314 2 arrives
0.314 2 serves by 1
0.417 2 done serving by 1
1.205 3 arrives
1.205 3 serves by 3
1.904 3 done serving by 3
2.776 4 arrives
2.776 4 serves by 3
2.791 4 done serving by 3
3.877 5 arrives
3.877 5 serves by 1
3.910 6 arrives
3.910 6 serves by 3
3.922 6 done serving by 3
4.031 5 done serving by 1
9.006 7 arrives
9.006 7 serves by 1
9.043 8 arrives
9.043 8 serves by 3
9.105 9 arrives
9.105 9 serves by 4
9.160 10 arrives
9.160 10 waits at 1
9.225 11 arrives
9.225 11 waits at 1
9.402 9 done serving by 4
10.148 12 arrives
10.148 12 serves by 4
10.200 12 done serving by 4
10.484 7 done serving by 1
10.484 10 serves by 1
11.205 13 arrives
11.205 13 waits at 1
11.636 8 done serving by 3
12.429 14 arrives
12.429 14 serves by 3
12.798 14 done serving by 3
13.109 15 arrives
13.109 15 waits at 2
13.109 15 serves by 2
13.270 15 done serving by 2
13.974 10 done serving by 1
13.974 11 serves by 1
