2
0.000 1 arrives
0.000 1 serves by 1
0.314 2 arrives
0.314 2 serves by self-check 2
0.000 2 done serving by self-check 2
1.205 3 arrives
1.205 3 serves by self-check 2
0.000 3 done serving by self-check 2
2.776 4 arrives
2.776 4 serves by self-check 2
0.000 4 done serving by self-check 2
3.131 1 done serving by 1
3.877 5 arrives
3.877 5 serves by 1
3.910 6 arrives
3.910 6 serves by self-check 2
0.000 6 done serving by self-check 2
5.419 5 done serving by 1
9.006 7 arrives
9.006 7 serves by 1
9.043 8 arrives
9.043 8 serves by self-check 2
0.000 8 done serving by self-check 2
9.105 9 arrives
9.105 9 serves by self-check 2
0.000 9 done serving by self-check 2
9.160 10 arrives
9.160 10 serves by self-check 2
0.000 10 done serving by self-check 2
9.225 11 arrives
9.225 11 serves by self-check 2
0.000 11 done serving by self-check 2
10.148 12 arrives
10.148 12 serves by self-check 2
0.000 12 done serving by self-check 2
11.205 13 arrives
11.205 13 serves by self-check 2
0.000 13 done serving by self-check 2
12.429 14 arrives
12.429 14 serves by self-check 2
0.000 14 done serving by self-check 2
13.109 15 arrives
13.109 15 serves by self-check 2
0.000 15 done serving by self-check 2
15.264 16 arrives
15.264 16 serves by self-check 2
0.000 16 done serving by self-check 2
15.524 17 arrives
15.524 17 serves by self-check 2
0.000 17 done serving by self-check 2
15.940 18 arrives
15.940 18 serves by self-check 2
0.000 18 done serving by self-check 2
17.793 19 arrives
17.793 19 serves by self-check 2
0.000 19 done serving by self-check 2
18.765 20 arrives
18.765 20 serves by self-check 2
0.000 20 done serving by self-check 2
23.784 7 done serving by 1
[0.000 3 17]
